<?xml version="1.0" encoding="UTF-8"?>
<!-- Generated by org.testng.reporters.JUnitReportReporter -->
<testsuite hostname="DESKTOP-ELJS5BO" failures="0" tests="1" name="com.inetBanking.TestCases.TC_AddNewCustomerTest_002" time="126.891" errors="0" timestamp="2023-01-20T20:02:13 IST" skipped="0">
  <testcase classname="com.inetBanking.TestCases.TC_AddNewCustomerTest_002" name="NewCustomer" time="126.891"/>
  <system-out/>
</testsuite> <!-- com.inetBanking.TestCases.TC_AddNewCustomerTest_002 -->
