<?xml version="1.0" encoding="UTF-8"?>
<!-- Generated by org.testng.reporters.JUnitReportReporter -->
<testsuite hostname="DESKTOP-ELJS5BO" failures="0" tests="1" name="com.inetBanking.TestCases.TC_logintest_001" time="13.371" errors="0" timestamp="2023-01-10T14:41:32 IST" skipped="0">
  <testcase classname="com.inetBanking.TestCases.TC_logintest_001" name="logintest" time="13.371"/>
  <system-out/>
</testsuite> <!-- com.inetBanking.TestCases.TC_logintest_001 -->
