<?xml version="1.0" encoding="UTF-8"?>
<!-- Generated by org.testng.reporters.JUnitReportReporter -->
<testsuite hostname="DESKTOP-ELJS5BO" failures="0" tests="1" name="com.inetBanking.TestCases.TC_AddNewCustomerTest_002" time="88.073" errors="0" timestamp="2023-01-23T19:58:18 IST" skipped="0">
  <testcase classname="com.inetBanking.TestCases.TC_AddNewCustomerTest_002" name="NewCustomer" time="88.073"/>
  <system-out/>
</testsuite> <!-- com.inetBanking.TestCases.TC_AddNewCustomerTest_002 -->
